Using pre-set license
Built from '2022.3/release' branch; Version is '2022.3.18f1 (d29bea25151d) revision 13802474'; Using compiler version '192829333'; Build Type 'Release'
OS: 'Windows 10  (10.0.19045) 64bit Core' Language: 'en' Physical Memory: 49014 MB
BatchMode: 1, IsHumanControllingUs: 0, StartBugReporterOnCrash: 0, Is64bit: 1, IsPro: 1

COMMAND LINE ARGUMENTS:
C:\Program Files\Unity\Hub\Editor\2022.3.18f1\Editor\Unity.exe
-adb2
-batchMode
-noUpm
-name
AssetImportWorker0
-projectPath
C:/Users/germe/Downloads/GITHUB/YesChef-/EthanKitchenProj
-logFile
Logs/AssetImportWorker0.log
-srvPort
58775
Successfully changed project path to: C:/Users/germe/Downloads/GITHUB/YesChef-/EthanKitchenProj
C:/Users/germe/Downloads/GITHUB/YesChef-/EthanKitchenProj
[UnityMemory] Configuration Parameters - Can be set up in boot.config
    "memorysetup-bucket-allocator-granularity=16"
    "memorysetup-bucket-allocator-bucket-count=8"
    "memorysetup-bucket-allocator-block-size=33554432"
    "memorysetup-bucket-allocator-block-count=8"
    "memorysetup-main-allocator-block-size=16777216"
    "memorysetup-thread-allocator-block-size=16777216"
    "memorysetup-gfx-main-allocator-block-size=16777216"
    "memorysetup-gfx-thread-allocator-block-size=16777216"
    "memorysetup-cache-allocator-block-size=4194304"
    "memorysetup-typetree-allocator-block-size=2097152"
    "memorysetup-profiler-bucket-allocator-granularity=16"
    "memorysetup-profiler-bucket-allocator-bucket-count=8"
    "memorysetup-profiler-bucket-allocator-block-size=33554432"
    "memorysetup-profiler-bucket-allocator-block-count=8"
    "memorysetup-profiler-allocator-block-size=16777216"
    "memorysetup-profiler-editor-allocator-block-size=1048576"
    "memorysetup-temp-allocator-size-main=16777216"
    "memorysetup-job-temp-allocator-block-size=2097152"
    "memorysetup-job-temp-allocator-block-size-background=1048576"
    "memorysetup-job-temp-allocator-reduction-small-platforms=262144"
    "memorysetup-allocator-temp-initial-block-size-main=262144"
    "memorysetup-allocator-temp-initial-block-size-worker=262144"
    "memorysetup-temp-allocator-size-background-worker=32768"
    "memorysetup-temp-allocator-size-job-worker=262144"
    "memorysetup-temp-allocator-size-preload-manager=33554432"
    "memorysetup-temp-allocator-size-nav-mesh-worker=65536"
    "memorysetup-temp-allocator-size-audio-worker=65536"
    "memorysetup-temp-allocator-size-cloud-worker=32768"
    "memorysetup-temp-allocator-size-gi-baking-worker=262144"
    "memorysetup-temp-allocator-size-gfx=262144"
Player connection [2564] Host "[IP] 10.0.0.27 [Port] 0 [Flags] 2 [Guid] 595137966 [EditorId] 595137966 [Version] 1048832 [Id] WindowsEditor(7,DESKTOP-5NCFM28) [Debug] 1 [PackageName] WindowsEditor [ProjectName] Editor" joined multi-casting on [225.0.0.222:54997]...

Player connection [2564] Host "[IP] 10.0.0.27 [Port] 0 [Flags] 2 [Guid] 595137966 [EditorId] 595137966 [Version] 1048832 [Id] WindowsEditor(7,DESKTOP-5NCFM28) [Debug] 1 [PackageName] WindowsEditor [ProjectName] Editor" joined alternative multi-casting on [225.0.0.222:34997]...

[Physics::Module] Initialized MultithreadedJobDispatcher with 15 workers.
Refreshing native plugins compatible for Editor in 7.71 ms, found 3 plugins.
Preloading 0 native plugins for Editor in 0.00 ms.
Initialize engine version: 2022.3.18f1 (d29bea25151d)
[Subsystems] Discovering subsystems at path C:/Program Files/Unity/Hub/Editor/2022.3.18f1/Editor/Data/Resources/UnitySubsystems
[Subsystems] Discovering subsystems at path C:/Users/germe/Downloads/GITHUB/YesChef-/EthanKitchenProj/Assets
GfxDevice: creating device client; threaded=0; jobified=0
Direct3D:
    Version:  Direct3D 11.0 [level 11.1]
    Renderer: NVIDIA GeForce RTX 2060 (ID=0x1f08)
    Vendor:   NVIDIA
    VRAM:     5968 MB
    Driver:   31.0.15.3699
Initialize mono
Mono path[0] = 'C:/Program Files/Unity/Hub/Editor/2022.3.18f1/Editor/Data/Managed'
Mono path[1] = 'C:/Program Files/Unity/Hub/Editor/2022.3.18f1/Editor/Data/MonoBleedingEdge/lib/mono/unityjit-win32'
Mono config path = 'C:/Program Files/Unity/Hub/Editor/2022.3.18f1/Editor/Data/MonoBleedingEdge/etc'
Using monoOptions --debugger-agent=transport=dt_socket,embedding=1,server=y,suspend=n,address=127.0.0.1:56244
Begin MonoManager ReloadAssembly
Registering precompiled unity dll's ...
Register platform support module: C:/Program Files/Unity/Hub/Editor/2022.3.18f1/Editor/Data/PlaybackEngines/WebGLSupport/UnityEditor.WebGL.Extensions.dll
Register platform support module: C:/Program Files/Unity/Hub/Editor/2022.3.18f1/Editor/Data/PlaybackEngines/WindowsStandaloneSupport/UnityEditor.WindowsStandalone.Extensions.dll
Registered in 0.011966 seconds.
- Loaded All Assemblies, in  0.334 seconds
Native extension for WindowsStandalone target not found
Native extension for WebGL target not found
Mono: successfully reloaded assembly
- Finished resetting the current domain, in  0.248 seconds
Domain Reload Profiling: 581ms
	BeginReloadAssembly (99ms)
		ExecutionOrderSort (0ms)
		DisableScriptedObjects (0ms)
		BackupInstance (0ms)
		ReleaseScriptingObjects (0ms)
		CreateAndSetChildDomain (1ms)
	RebuildCommonClasses (32ms)
	RebuildNativeTypeToScriptingClass (10ms)
	initialDomainReloadingComplete (61ms)
	LoadAllAssembliesAndSetupDomain (129ms)
		LoadAssemblies (97ms)
		RebuildTransferFunctionScriptingTraits (0ms)
		AnalyzeDomain (127ms)
			TypeCache.Refresh (126ms)
				TypeCache.ScanAssembly (114ms)
			ScanForSourceGeneratedMonoScriptInfo (0ms)
			ResolveRequiredComponents (0ms)
	FinalizeReload (249ms)
		ReleaseScriptCaches (0ms)
		RebuildScriptCaches (0ms)
		SetupLoadedEditorAssemblies (198ms)
			LogAssemblyErrors (0ms)
			InitializePlatformSupportModulesInManaged (10ms)
			SetLoadedEditorAssemblies (5ms)
			RefreshPlugins (0ms)
			BeforeProcessingInitializeOnLoad (2ms)
			ProcessInitializeOnLoadAttributes (137ms)
			ProcessInitializeOnLoadMethodAttributes (44ms)
			AfterProcessingInitializeOnLoad (0ms)
			EditorAssembliesLoaded (0ms)
		ExecutionOrderSort2 (0ms)
		AwakeInstancesAfterBackupRestoration (0ms)
========================================================================
Worker process is ready to serve import requests
Begin MonoManager ReloadAssembly
- Loaded All Assemblies, in  0.609 seconds
Refreshing native plugins compatible for Editor in 3.16 ms, found 3 plugins.
Native extension for WindowsStandalone target not found
Native extension for WebGL target not found
Package Manager log level set to [2]
[Package Manager] Server::EnsureServerProcessIsRunning -- launch failed, reason: Unity was launched with the -noUpm command-line argument
[Package Manager] UpmClient::Send -- Unable to send message (not connected to UPM process).
[Package Manager] Cannot connect to Unity Package Manager local server
Mono: successfully reloaded assembly
- Finished resetting the current domain, in  0.692 seconds
Domain Reload Profiling: 1297ms
	BeginReloadAssembly (151ms)
		ExecutionOrderSort (0ms)
		DisableScriptedObjects (5ms)
		BackupInstance (0ms)
		ReleaseScriptingObjects (0ms)
		CreateAndSetChildDomain (24ms)
	RebuildCommonClasses (45ms)
	RebuildNativeTypeToScriptingClass (10ms)
	initialDomainReloadingComplete (39ms)
	LoadAllAssembliesAndSetupDomain (359ms)
		LoadAssemblies (262ms)
		RebuildTransferFunctionScriptingTraits (0ms)
		AnalyzeDomain (179ms)
			TypeCache.Refresh (147ms)
				TypeCache.ScanAssembly (133ms)
			ScanForSourceGeneratedMonoScriptInfo (13ms)
			ResolveRequiredComponents (17ms)
	FinalizeReload (692ms)
		ReleaseScriptCaches (0ms)
		RebuildScriptCaches (0ms)
		SetupLoadedEditorAssemblies (553ms)
			LogAssemblyErrors (0ms)
			InitializePlatformSupportModulesInManaged (7ms)
			SetLoadedEditorAssemblies (3ms)
			RefreshPlugins (0ms)
			BeforeProcessingInitializeOnLoad (58ms)
			ProcessInitializeOnLoadAttributes (458ms)
			ProcessInitializeOnLoadMethodAttributes (18ms)
			AfterProcessingInitializeOnLoad (9ms)
			EditorAssembliesLoaded (0ms)
		ExecutionOrderSort2 (0ms)
		AwakeInstancesAfterBackupRestoration (6ms)
Launched and connected shader compiler UnityShaderCompiler.exe after 0.03 seconds
Refreshing native plugins compatible for Editor in 3.29 ms, found 3 plugins.
Preloading 0 native plugins for Editor in 0.00 ms.
Unloading 3191 Unused Serialized files (Serialized files now loaded: 0)
Unloading 34 unused Assets / (29.7 KB). Loaded Objects now: 3687.
Memory consumption went from 170.5 MB to 170.5 MB.
Total: 3.015300 ms (FindLiveObjects: 0.242000 ms CreateObjectMapping: 0.167900 ms MarkObjects: 2.554100 ms  DeleteObjects: 0.050600 ms)

AssetImportParameters requested are different than current active one (requested -> active):
  custom:container-demuxer-ogg: 62fdf1f143b41e24485cea50d1cbac27 -> 
  custom:video-decoder-ogg-theora: a1e56fd34408186e4bbccfd4996cb3dc -> 
  custom:framework-win-MediaFoundation: 216162199b28c13a410421893ffa2e32 -> 
  custom:CustomObjectIndexerAttribute: 6d391050e5a25f67b0a2c618074f2cd9 -> 
  custom:container-demuxer-webm: 4f35f7cbe854078d1ac9338744f61a02 -> 
  custom:container-muxer-webm: aa71ff27fc2769a1b78a27578f13a17b -> 
  custom:video-decoder-webm-vp8: 9c59270c3fd7afecdb556c50c9e8de78 -> 
  custom:SearchIndexIgnoredProperties: e643bd26f0fe6173181afceb89e7c659 -> 
  custom:AudioImporter_EditorPlatform: d09bf68614088b80899f8185d706f6e7 -> 
  custom:video-encoder-webm-vp8: eb34c28f22e8b96e1ab97ce403110664 -> 
  custom:audio-decoder-ogg-vorbis: bf7c407c2cedff20999df2af8eb42d56 -> 
  custom:audio-encoder-webm-vorbis: bf7c407c2cedff20999df2af8eb42d56 -> 
========================================================================
Received Import Request.
  Time since last request: 17845.709790 seconds.
  path: Assets/GrillStation.fbx
  artifactKey: Guid(9418def88178abd44938eafee257ede4) Importer(815301076,1909f56bfc062723c751e8b465ee728b)
Start importing Assets/GrillStation.fbx using Guid(9418def88178abd44938eafee257ede4) Importer(815301076,1909f56bfc062723c751e8b465ee728b)  -> (artifact id: '638709b2780f841d4fcad0e719a139d7') in 0.139699 seconds
Number of updated asset objects reloaded before import = 0
Number of asset objects unloaded after import = 33
========================================================================
Received Import Request.
  Time since last request: 22.145397 seconds.
  path: Assets/Materials/ExpeditorTable.001.mat
  artifactKey: Guid(0451f5d6050c9994a96a7ece64ac95ba) Importer(815301076,1909f56bfc062723c751e8b465ee728b)
Start importing Assets/Materials/ExpeditorTable.001.mat using Guid(0451f5d6050c9994a96a7ece64ac95ba) Importer(815301076,1909f56bfc062723c751e8b465ee728b)  -> (artifact id: '51deca6bcfb0efc2769b45dbab7bba47') in 0.014976 seconds
Number of updated asset objects reloaded before import = 0
Number of asset objects unloaded after import = 2
========================================================================
Received Import Request.
  Time since last request: 123.635830 seconds.
  path: Assets/Resources/Meshes&Pics/Cube.prefab
  artifactKey: Guid(3ce631f8eee83d54fb74df1cd7c43361) Importer(815301076,1909f56bfc062723c751e8b465ee728b)
Start importing Assets/Resources/Meshes&Pics/Cube.prefab using Guid(3ce631f8eee83d54fb74df1cd7c43361) Importer(815301076,1909f56bfc062723c751e8b465ee728b)  -> (artifact id: 'ee97055dbd86f87bc6c41d705b516e77') in 0.013085 seconds
Number of updated asset objects reloaded before import = 0
Number of asset objects unloaded after import = 38
========================================================================
Received Import Request.
  Time since last request: 0.005916 seconds.
  path: Assets/Resources/Meshes&Pics/Cube.001.prefab
  artifactKey: Guid(264ff153e21f801438a37802e41b53c7) Importer(815301076,1909f56bfc062723c751e8b465ee728b)
Start importing Assets/Resources/Meshes&Pics/Cube.001.prefab using Guid(264ff153e21f801438a37802e41b53c7) Importer(815301076,1909f56bfc062723c751e8b465ee728b)  -> (artifact id: '4bc740790e179e8225558cd0b258c620') in 0.011950 seconds
Number of updated asset objects reloaded before import = 0
Number of asset objects unloaded after import = 38
========================================================================
Received Import Request.
  Time since last request: 6.342053 seconds.
  path: Assets/Resources/Meshes&Pics/grillpiece1.prefab
  artifactKey: Guid(3ce631f8eee83d54fb74df1cd7c43361) Importer(815301076,1909f56bfc062723c751e8b465ee728b)
Start importing Assets/Resources/Meshes&Pics/grillpiece1.prefab using Guid(3ce631f8eee83d54fb74df1cd7c43361) Importer(815301076,1909f56bfc062723c751e8b465ee728b)  -> (artifact id: '8588585d4b23dcf4d07f98cb5ae12266') in 0.125421 seconds
Number of updated asset objects reloaded before import = 0
Number of asset objects unloaded after import = 38
========================================================================
Received Import Request.
  Time since last request: 4.539079 seconds.
  path: Assets/Resources/Meshes&Pics/grillpiece2.prefab
  artifactKey: Guid(264ff153e21f801438a37802e41b53c7) Importer(815301076,1909f56bfc062723c751e8b465ee728b)
Start importing Assets/Resources/Meshes&Pics/grillpiece2.prefab using Guid(264ff153e21f801438a37802e41b53c7) Importer(815301076,1909f56bfc062723c751e8b465ee728b)  -> (artifact id: 'fcdf856beb5546b5261b971c878b1537') in 0.005417 seconds
Number of updated asset objects reloaded before import = 0
Number of asset objects unloaded after import = 38
========================================================================
Received Import Request.
  Time since last request: 4.223712 seconds.
  path: Assets/Resources/Meshes&Pics/grillpiece3.prefab
  artifactKey: Guid(09748e29ecd077f4f919277ee3099b09) Importer(815301076,1909f56bfc062723c751e8b465ee728b)
Start importing Assets/Resources/Meshes&Pics/grillpiece3.prefab using Guid(09748e29ecd077f4f919277ee3099b09) Importer(815301076,1909f56bfc062723c751e8b465ee728b)  -> (artifact id: 'c9ec5aed765bf0d2f22e34c4ce05032a') in 0.005140 seconds
Number of updated asset objects reloaded before import = 0
Number of asset objects unloaded after import = 38
========================================================================
Received Import Request.
  Time since last request: 4.204298 seconds.
  path: Assets/Resources/Meshes&Pics/grillpiece4.prefab
  artifactKey: Guid(e115abcd205f73940acb9df51a8f8926) Importer(815301076,1909f56bfc062723c751e8b465ee728b)
Start importing Assets/Resources/Meshes&Pics/grillpiece4.prefab using Guid(e115abcd205f73940acb9df51a8f8926) Importer(815301076,1909f56bfc062723c751e8b465ee728b)  -> (artifact id: '94194f3b50b979370016297363d458e4') in 0.006891 seconds
Number of updated asset objects reloaded before import = 0
Number of asset objects unloaded after import = 38
========================================================================
Received Import Request.
  Time since last request: 575.550044 seconds.
  path: Assets/Resources/Meshes&Pics/grill.fbx
  artifactKey: Guid(5ec7ebcc9a4ef6e44a2a4f6ade8b317f) Importer(815301076,1909f56bfc062723c751e8b465ee728b)
Start importing Assets/Resources/Meshes&Pics/grill.fbx using Guid(5ec7ebcc9a4ef6e44a2a4f6ade8b317f) Importer(815301076,1909f56bfc062723c751e8b465ee728b)  -> (artifact id: 'b991b041621d8ea6156af6fe3118d3dd') in 0.058514 seconds
Number of updated asset objects reloaded before import = 0
Number of asset objects unloaded after import = 18
========================================================================
Received Import Request.
  Time since last request: 8.516425 seconds.
  path: Assets/Resources/Meshes&Pics/GrillStation.fbx
  artifactKey: Guid(5ec7ebcc9a4ef6e44a2a4f6ade8b317f) Importer(815301076,1909f56bfc062723c751e8b465ee728b)
Start importing Assets/Resources/Meshes&Pics/GrillStation.fbx using Guid(5ec7ebcc9a4ef6e44a2a4f6ade8b317f) Importer(815301076,1909f56bfc062723c751e8b465ee728b)  -> (artifact id: '1b84114e0a18c0575d8b8740c79c34de') in 0.023316 seconds
Number of updated asset objects reloaded before import = 0
Number of asset objects unloaded after import = 18
========================================================================
Received Import Request.
  Time since last request: 271.141017 seconds.
  path: Assets/Resources/Materials/New Material 1.mat
  artifactKey: Guid(d0c3ecfa84e726e48a702d61b781f39f) Importer(815301076,1909f56bfc062723c751e8b465ee728b)
Start importing Assets/Resources/Materials/New Material 1.mat using Guid(d0c3ecfa84e726e48a702d61b781f39f) Importer(815301076,1909f56bfc062723c751e8b465ee728b)  -> (artifact id: '036d7ac49ec39d6a10db4add54e89293') in 0.012869 seconds
Number of updated asset objects reloaded before import = 0
Number of asset objects unloaded after import = 1
========================================================================
Received Import Request.
  Time since last request: 21.885571 seconds.
  path: Assets/Resources/Materials/GrillMat.mat
  artifactKey: Guid(5df6b1a527414ae408bd77a1dceb49c3) Importer(815301076,1909f56bfc062723c751e8b465ee728b)
Start importing Assets/Resources/Materials/GrillMat.mat using Guid(5df6b1a527414ae408bd77a1dceb49c3) Importer(815301076,1909f56bfc062723c751e8b465ee728b)  -> (artifact id: '3ef03d4e44cb2fa04add3660bf3b8655') in 0.015656 seconds
Number of updated asset objects reloaded before import = 0
Number of asset objects unloaded after import = 1
========================================================================
Received Import Request.
  Time since last request: 94.559297 seconds.
  path: Assets/Resources/Meshes&Pics/GrillStation Variant.mat
  artifactKey: Guid(5e16ef52c2b1bad4da304425fb9e45f7) Importer(815301076,1909f56bfc062723c751e8b465ee728b)
Start importing Assets/Resources/Meshes&Pics/GrillStation Variant.mat using Guid(5e16ef52c2b1bad4da304425fb9e45f7) Importer(815301076,1909f56bfc062723c751e8b465ee728b)  -> (artifact id: 'd91655d275c5a3bc63fa2d9cad45c0a5') in 0.059590 seconds
Number of updated asset objects reloaded before import = 0
Number of asset objects unloaded after import = 18
========================================================================
Received Import Request.
  Time since last request: 21.851001 seconds.
  path: Assets/Resources/Meshes&Pics/GrillStation Variant.mat
  artifactKey: Guid(bc28d72abf7dbea44928c87a57b99840) Importer(815301076,1909f56bfc062723c751e8b465ee728b)
Start importing Assets/Resources/Meshes&Pics/GrillStation Variant.mat using Guid(bc28d72abf7dbea44928c87a57b99840) Importer(815301076,1909f56bfc062723c751e8b465ee728b)  -> (artifact id: 'de2707cd745f9d07ee5daf03ad90c96e') in 0.012223 seconds
Number of updated asset objects reloaded before import = 0
Number of asset objects unloaded after import = 18
========================================================================
Received Import Request.
  Time since last request: 3.350950 seconds.
  path: Assets/Resources/Meshes&Pics/GrillStation Variant 1.mat
  artifactKey: Guid(50c23f534a1678e43a8ba00c2dc81efe) Importer(815301076,1909f56bfc062723c751e8b465ee728b)
Start importing Assets/Resources/Meshes&Pics/GrillStation Variant 1.mat using Guid(50c23f534a1678e43a8ba00c2dc81efe) Importer(815301076,1909f56bfc062723c751e8b465ee728b)  -> (artifact id: '9b80999b121f495a70142219953d448b') in 0.009935 seconds
Number of updated asset objects reloaded before import = 0
Number of asset objects unloaded after import = 18
========================================================================
Received Import Request.
  Time since last request: 15.375414 seconds.
  path: Assets/Resources/Meshes&Pics/GrillMat2.mat
  artifactKey: Guid(bc28d72abf7dbea44928c87a57b99840) Importer(815301076,1909f56bfc062723c751e8b465ee728b)
Start importing Assets/Resources/Meshes&Pics/GrillMat2.mat using Guid(bc28d72abf7dbea44928c87a57b99840) Importer(815301076,1909f56bfc062723c751e8b465ee728b)  -> (artifact id: '8fea4c877ebf9efe90c604e3144fe038') in 0.010476 seconds
Number of updated asset objects reloaded before import = 0
Number of asset objects unloaded after import = 18
========================================================================
Received Import Request.
  Time since last request: 4.436816 seconds.
  path: Assets/Resources/Meshes&Pics/GrillMat3.mat
  artifactKey: Guid(50c23f534a1678e43a8ba00c2dc81efe) Importer(815301076,1909f56bfc062723c751e8b465ee728b)
Start importing Assets/Resources/Meshes&Pics/GrillMat3.mat using Guid(50c23f534a1678e43a8ba00c2dc81efe) Importer(815301076,1909f56bfc062723c751e8b465ee728b)  -> (artifact id: '750eb126348ee670459059a1690272e5') in 0.010566 seconds
Number of updated asset objects reloaded before import = 0
Number of asset objects unloaded after import = 18
========================================================================
Received Import Request.
  Time since last request: 7.956716 seconds.
  path: Assets/Resources/Materials/GrillMat.mat
  artifactKey: Guid(5e16ef52c2b1bad4da304425fb9e45f7) Importer(815301076,1909f56bfc062723c751e8b465ee728b)
Start importing Assets/Resources/Materials/GrillMat.mat using Guid(5e16ef52c2b1bad4da304425fb9e45f7) Importer(815301076,1909f56bfc062723c751e8b465ee728b)  -> (artifact id: 'f4f3de08955052b3fccf93bdd94247f1') in 0.012814 seconds
Number of updated asset objects reloaded before import = 0
Number of asset objects unloaded after import = 18
========================================================================
Received Import Request.
  Time since last request: 1503.325537 seconds.
  path: Assets/Resources/Meshes&Pics/grill.fbx
  artifactKey: Guid(5e09e6a723eb2934d894160d241b8d44) Importer(815301076,1909f56bfc062723c751e8b465ee728b)
Start importing Assets/Resources/Meshes&Pics/grill.fbx using Guid(5e09e6a723eb2934d894160d241b8d44) Importer(815301076,1909f56bfc062723c751e8b465ee728b)  -> (artifact id: 'a40aca72a097cf35ceded4f654cb9eab') in 0.023834 seconds
Number of updated asset objects reloaded before import = 0
Number of asset objects unloaded after import = 16
========================================================================
Received Import Request.
  Time since last request: 44.519157 seconds.
  path: Assets/Resources/Meshes&Pics/GrillTexture.png
  artifactKey: Guid(92c5e75be2e26f34aabcfa03a8cfedf5) Importer(815301076,1909f56bfc062723c751e8b465ee728b)
Start importing Assets/Resources/Meshes&Pics/GrillTexture.png using Guid(92c5e75be2e26f34aabcfa03a8cfedf5) Importer(815301076,1909f56bfc062723c751e8b465ee728b)  -> (artifact id: 'c85ba015a064e38d95ea791946b52d3c') in 0.025865 seconds
Number of updated asset objects reloaded before import = 0
Number of asset objects unloaded after import = 2
========================================================================
Received Import Request.
  Time since last request: 4252.254470 seconds.
  path: Assets/Resources/Meshes&Pics/door.fbx
  artifactKey: Guid(d4b5cf09734dd1e4fa149ab74a068c8c) Importer(815301076,1909f56bfc062723c751e8b465ee728b)
Start importing Assets/Resources/Meshes&Pics/door.fbx using Guid(d4b5cf09734dd1e4fa149ab74a068c8c) Importer(815301076,1909f56bfc062723c751e8b465ee728b)  -> (artifact id: 'd30d757dbcc51d61ecc9f8a1878ddbbf') in 0.022479 seconds
Number of updated asset objects reloaded before import = 0
Number of asset objects unloaded after import = 16
